2017-05-08T19:27:30 Checking update-file '/usr/share/kde4/apps/kconf_update/kio_help.upd' for new updates
2017-05-08T19:27:30 kio_help.upd: Found new update 'kde3_2'
2017-05-08T19:27:30 kio_help.upd: Running script 'move_kio_help_cache.sh'
2017-05-08T19:27:30 [Script] mv: cannot stat ‘/home/pi/.kde/share/apps/kio_help/cache’: No such file or directory
2017-05-08T19:27:30 [Script] rmdir: failed to remove ‘/home/pi/.kde/share/apps/kio_help’: No such file or directory
2017-05-08T19:27:30 Checking update-file '/usr/share/kde4/apps/kconf_update/kate-2.4.upd' for new updates
2017-05-08T19:27:30 kate-2.4.upd: Found new update 'kate2.4'
2017-05-08T19:27:30 Checking update-file '/usr/share/kde4/apps/kconf_update/ksslcertificatemanager.upd' for new updates
2017-05-08T19:27:30 ksslcertificatemanager.upd: Found new update 'kde4.2'
2017-05-08T19:27:30 ksslcertificatemanager.upd: Running script 'ksslcertificatemanager.upd.sh'
2017-05-08T19:27:30 [Script] rm: cannot remove ‘/home/pi/.kde//share/config/ksslcertificatemanager’: No such file or directory
2017-05-08T19:27:30 ksslcertificatemanager.upd: !! An error occurred while running 'sh /usr/share/kde4/apps/kconf_update/ksslcertificatemanager.upd.sh'
2017-05-08T19:27:30 Checking update-file '/usr/share/kde4/apps/kconf_update/drkonqi-rename-config-section.upd' for new updates
2017-05-08T19:27:30 drkonqi-rename-config-section.upd: Found new update 'kde-4.11'
2017-05-08T19:27:30 drkonqi-rename-config-section.upd: File 'drkonqirc' does not exist or empty, skipping
2017-05-08T19:27:30 Checking update-file '/usr/share/kde4/apps/kconf_update/kcookiescfg.upd' for new updates
2017-05-08T19:27:30 kcookiescfg.upd: Found new update 'kde2.2/b1'
2017-05-08T19:27:30 kcookiescfg.upd: File 'kcookiejarrc' does not exist or empty, skipping
2017-05-08T19:27:30 kcookiescfg.upd: Found new update 'kde3.1/cvs'
2017-05-08T19:27:30 kcookiescfg.upd: File 'kcookiejarrc' does not exist or empty, skipping
2017-05-08T19:27:30 kcookiescfg.upd: Found new update 'kde4.10/git'
2017-05-08T19:27:30 kcookiescfg.upd: File 'kcookiejarrc' does not exist or empty, skipping
2017-05-08T19:27:30 Checking update-file '/usr/share/kde4/apps/kconf_update/kded.upd' for new updates
2017-05-08T19:27:30 kded.upd: Found new update 'kde3.0'
2017-05-08T19:27:30 kded.upd: File 'kdedrc' does not exist or empty, skipping
2017-05-08T19:27:30 Checking update-file '/usr/share/kde4/apps/kconf_update/kuriikwsfilter.upd' for new updates
2017-05-08T19:27:30 kuriikwsfilter.upd: Found new update 'post-kde3.1/cvs'
2017-05-08T19:27:30 kuriikwsfilter.upd: File 'kuriikwsfilterrc' does not exist or empty, skipping
2017-05-08T19:27:30 kuriikwsfilter.upd: Found new update 'pre-kde4.9'
2017-05-08T19:27:30 kuriikwsfilter.upd: File 'kuriikwsfilterrc' does not exist or empty, skipping
2017-05-08T19:27:30 Checking update-file '/usr/share/kde4/apps/kconf_update/kwallet-4.13.upd' for new updates
2017-05-08T19:27:30 kwallet-4.13.upd: Found new update 'kde4.13'
2017-05-08T19:27:31 kwallet-4.13.upd: File 'kwalletrc' does not exist or empty, skipping
2017-05-08T19:27:31 Checking update-file '/usr/share/kde4/apps/kconf_update/devicepreference.upd' for new updates
2017-05-08T19:27:31 devicepreference.upd: Found new update 'DevicesMovedToPlatformPlugin'
2017-05-08T19:27:31 devicepreference.upd: Running script 'phonon_devicepreference_update'
2017-05-08T19:27:31 devicepreference.upd: Found new update 'DevicesUIDsChanged'
2017-05-08T19:27:31 devicepreference.upd: Running script 'phonon_deviceuids_update'
2017-05-08T19:27:31 Checking update-file '/usr/share/kde4/apps/kconf_update/kdeui.upd' for new updates
2017-05-08T19:27:31 kdeui.upd: Found new update 'kde4/migrate_from_kde3_icon_theme'
2017-05-08T19:27:31 kdeui.upd: Running script 'migrate_from_kde3_icon_theme'
2017-05-08T19:27:31 Checking update-file '/usr/share/kde4/apps/kconf_update/kioslave.upd' for new updates
2017-05-08T19:27:31 kioslave.upd: Found new update 'kde2.2/r1'
2017-05-08T19:27:31 kioslave.upd: File 'kioslaverc' does not exist or empty, skipping
2017-05-08T19:27:31 kioslave.upd: Skipping update 'kde2.2/r1'
2017-05-08T19:27:31 kioslave.upd: File 'kioslaverc' does not exist or empty, skipping
2017-05-08T19:27:31 kioslave.upd: Found new update 'kde2.2/r2'
2017-05-08T19:27:31 kioslave.upd: File 'kioslaverc' does not exist or empty, skipping
2017-05-08T19:27:31 kioslave.upd: Found new update 'kde2.2/r3'
2017-05-08T19:27:31 kioslave.upd: File 'kioslaverc' does not exist or empty, skipping
