21:40:50.866 T:139869103664000  NOTICE: special://profile/ is mapped to: special://masterprofile/
21:40:50.866 T:139869103664000  NOTICE: -----------------------------------------------------------------------
21:40:50.866 T:139869103664000  NOTICE: Starting Kodi from Debian (17.1 Debian package version: 2:17.1+dfsg1-3). Platform: Linux x86 64-bit
21:40:50.866 T:139869103664000  NOTICE: Using Release Kodi from Debian x64 build
21:40:50.866 T:139869103664000  NOTICE: Kodi from Debian compiled from 2:17.1+dfsg1-3 by GCC 6.3.0 for Linux x86 64-bit version 4.9.25 (264473)
21:40:50.866 T:139869103664000  NOTICE: Running on Debian GNU/Linux 9 (stretch), kernel: Linux x86 64-bit version 4.9.0-3-amd64
21:40:50.880 T:139869103664000  NOTICE: FFmpeg version/source: 3.2.5-1
21:40:50.880 T:139869103664000  NOTICE: Host CPU: Intel(R) Core(TM) i5-3340M CPU @ 2.70GHz, 2 cores available
21:40:50.880 T:139869103664000  NOTICE: special://xbmc/ is mapped to: /usr/share/kodi
21:40:50.880 T:139869103664000  NOTICE: special://xbmcbin/ is mapped to: /usr/lib/x86_64-linux-gnu/kodi
21:40:50.880 T:139869103664000  NOTICE: special://xbmcbinaddons/ is mapped to: /usr/lib/x86_64-linux-gnu/kodi/addons
21:40:50.881 T:139869103664000  NOTICE: special://masterprofile/ is mapped to: /root/.kodi/userdata
21:40:50.881 T:139869103664000  NOTICE: special://envhome/ is mapped to: /root
21:40:50.881 T:139869103664000  NOTICE: special://home/ is mapped to: /root/.kodi
21:40:50.881 T:139869103664000  NOTICE: special://temp/ is mapped to: /root/.kodi/temp
21:40:50.881 T:139869103664000  NOTICE: special://logpath/ is mapped to: /root/.kodi/temp
21:40:50.881 T:139869103664000  NOTICE: The executable running is: /usr/lib/x86_64-linux-gnu/kodi/kodi.bin
21:40:50.881 T:139869103664000  NOTICE: Local hostname: DaylightLinuxV2
21:40:50.881 T:139869103664000  NOTICE: Log File is located: /root/.kodi/temp//kodi.log
21:40:50.881 T:139869103664000  NOTICE: -----------------------------------------------------------------------
21:40:51.329 T:139869103664000  NOTICE: load settings...
21:40:51.410 T:139869103664000   ERROR: PulseAudio: Failed to connect context
21:40:51.410 T:139869103664000  NOTICE: PulseAudio might not be running. Context was not created.
21:40:51.847 T:139869103664000  NOTICE: Found 1 Lists of Devices
21:40:51.847 T:139869103664000  NOTICE: Enumerated ALSA devices:
21:40:51.847 T:139869103664000  NOTICE:     Device 1
21:40:51.847 T:139869103664000  NOTICE:         m_deviceName      : @
21:40:51.848 T:139869103664000  NOTICE:         m_displayName     : Default (Ensoniq AudioPCI ES1371 DAC2/ADC)
21:40:51.848 T:139869103664000  NOTICE:         m_displayNameExtra:
21:40:51.848 T:139869103664000  NOTICE:         m_deviceType      : AE_DEVTYPE_PCM
21:40:51.848 T:139869103664000  NOTICE:         m_channels        : UNKNOWN1,FL,FR
21:40:51.848 T:139869103664000  NOTICE:         m_sampleRates     : 48000
21:40:51.848 T:139869103664000  NOTICE:         m_dataFormats     : AE_FMT_S16NE,AE_FMT_S16LE
21:40:51.848 T:139869103664000  NOTICE:         m_streamTypes     : No passthrough capabilities
21:40:51.848 T:139869103664000  NOTICE:     Device 2
21:40:51.848 T:139869103664000  NOTICE:         m_deviceName      : @:CARD=AudioPCI,DEV=0
21:40:51.848 T:139869103664000  NOTICE:         m_displayName     : Ensoniq AudioPCI
21:40:51.848 T:139869103664000  NOTICE:         m_displayNameExtra: ES1371 DAC2/ADC
21:40:51.848 T:139869103664000  NOTICE:         m_deviceType      : AE_DEVTYPE_PCM
21:40:51.848 T:139869103664000  NOTICE:         m_channels        : UNKNOWN1,FL,FR
21:40:51.848 T:139869103664000  NOTICE:         m_sampleRates     : 48000
21:40:51.848 T:139869103664000  NOTICE:         m_dataFormats     : AE_FMT_S16NE,AE_FMT_S16LE
21:40:51.848 T:139869103664000  NOTICE:         m_streamTypes     : No passthrough capabilities
21:40:51.849 T:139869103664000   ERROR: CSettings: unable to load settings from special://masterprofile/guisettings.xml, creating new default settings
21:40:51.863 T:139869103664000  NOTICE: No settings file to load (special://xbmc/system/advancedsettings.xml)
21:40:51.863 T:139869103664000  NOTICE: No settings file to load (special://masterprofile/advancedsettings.xml)
21:40:51.863 T:139869103664000  NOTICE: Default Video Player: VideoPlayer
21:40:51.863 T:139869103664000  NOTICE: Default Audio Player: paplayer
21:40:51.863 T:139869103664000  NOTICE: Disabled debug logging due to GUI setting. Level 0.
21:40:51.863 T:139869103664000  NOTICE: Log level changed to "LOG_LEVEL_NORMAL"
21:40:51.863 T:139869103664000  NOTICE: Loading player core factory settings from special://xbmc/system/playercorefactory.xml.
21:40:51.875 T:139869103664000  NOTICE: Loaded playercorefactory configuration
21:40:51.875 T:139869103664000  NOTICE: Loading player core factory settings from special://masterprofile/playercorefactory.xml.
21:40:51.875 T:139869103664000  NOTICE: special://masterprofile/playercorefactory.xml does not exist. Skipping.
21:40:52.649 T:139869103664000  NOTICE: ADDONS: Using repository repository.xbmc.org
21:40:52.818 T:139869103664000  NOTICE: Checking resolution 16
21:40:53.610 T:139869103664000   ERROR: Failed to determine egl config for visual info
21:40:53.610 T:139869103664000 WARNING: Visual 0x1ab of the window is not suitable, looking for another one...
21:40:53.610 T:139869103664000  NOTICE: Using visual 0x21
21:40:53.632 T:139869103664000  NOTICE: Using visual 0x1ab
21:40:53.645 T:139869103664000  NOTICE: GL_VENDOR = VMware, Inc.
21:40:53.645 T:139869103664000  NOTICE: GL_RENDERER = Gallium 0.4 on llvmpipe (LLVM 3.9, 256 bits)
21:40:53.645 T:139869103664000  NOTICE: GL_VERSION = 3.0 Mesa 13.0.6
21:40:53.645 T:139869103664000  NOTICE: GL_SHADING_LANGUAGE_VERSION = 1.30
21:40:53.645 T:139869103664000  NOTICE: GL_EXTENSIONS = GL_ARB_multisample GL_EXT_abgr GL_EXT_bgra GL_EXT_blend_color GL_EXT_blend_minmax GL_EXT_blend_subtract GL_EXT_copy_texture GL_EXT_polygon_offset GL_EXT_subtexture GL_EXT_texture_object GL_EXT_vertex_array GL_EXT_compiled_vertex_array GL_EXT_texture GL_EXT_texture3D GL_IBM_rasterpos_clip GL_ARB_point_parameters GL_EXT_draw_range_elements GL_EXT_packed_pixels GL_EXT_point_parameters GL_EXT_rescale_normal GL_EXT_separate_specular_color GL_EXT_texture_edge_clamp GL_SGIS_generate_mipmap GL_SGIS_texture_border_clamp GL_SGIS_texture_edge_clamp GL_SGIS_texture_lod GL_ARB_framebuffer_sRGB GL_ARB_multitexture GL_EXT_framebuffer_sRGB GL_IBM_multimode_draw_arrays GL_IBM_texture_mirrored_repeat GL_ARB_texture_cube_map GL_ARB_texture_env_add GL_ARB_transpose_matrix GL_EXT_blend_func_separate GL_EXT_fog_coord GL_EXT_multi_draw_arrays GL_EXT_secondary_color GL_EXT_texture_env_add GL_EXT_texture_lod_bias GL_INGR_blend_func_separate GL_NV_blend_square GL_NV_light_max_exponent GL_NV_texgen_reflection GL_NV_texture_env_combine4 GL_S3_s3tc GL_SUN_multi_draw_arrays GL_ARB_texture_border_clamp GL_ARB_texture_compression GL_EXT_framebuffer_object GL_EXT_texture_compression_s3tc GL_EXT_texture_env_combine GL_EXT_texture_env_dot3 GL_MESA_window_pos GL_NV_packed_depth_stencil GL_NV_texture_rectangle GL_ARB_depth_texture GL_ARB_occlusion_query GL_ARB_shadow GL_ARB_texture_env_combine GL_ARB_texture_env_crossbar GL_ARB_texture_env_dot3 GL_ARB_texture_mirrored_repeat GL_ARB_window_pos GL_ATI_fragment_shader GL_EXT_stencil_two_side GL_EXT_texture_cube_map GL_NV_depth_clamp GL_NV_fog_distance GL_APPLE_packed_pixels GL_APPLE_vertex_array_object GL_ARB_draw_buffers GL_ARB_fragment_program GL_ARB_fragment_shader GL_ARB_shader_objects GL_ARB_vertex_program GL_ARB_vertex_shader GL_ATI_draw_buffers GL_ATI_texture_env_combine3 GL_ATI_texture_float GL_EXT_shadow_funcs GL_EXT_stencil_wrap GL_MESA_pack_invert GL_MESA_ycbcr_texture GL_NV_primitive_restart GL_ARB_depth_clamp GL_ARB_fragment_program_shadow GL_ARB_half_float_pixel GL_ARB_occlusion_query2 GL_ARB_point_sprite GL_ARB_shading_language_100 GL_ARB_sync GL_ARB_texture_non_power_of_two GL_ARB_vertex_buffer_object GL_ATI_blend_equation_separate GL_EXT_blend_equation_separate GL_OES_read_format GL_ARB_color_buffer_float GL_ARB_pixel_buffer_object GL_ARB_texture_compression_rgtc GL_ARB_texture_float GL_ARB_texture_rectangle GL_ATI_texture_compression_3dc GL_EXT_packed_float GL_EXT_pixel_buffer_object GL_EXT_texture_compression_dxt1 GL_EXT_texture_compression_rgtc GL_EXT_texture_mirror_clamp GL_EXT_texture_rectangle GL_EXT_texture_sRGB GL_EXT_texture_shared_exponent GL_ARB_framebuffer_object GL_EXT_framebuffer_blit GL_EXT_framebuffer_multisample GL_EXT_packed_depth_stencil GL_ARB_vertex_array_object GL_ATI_separate_stencil GL_ATI_texture_mirror_once GL_EXT_draw_buffers2 GL_EXT_draw_instanced GL_EXT_gpu_program_parameters GL_EXT_texture_array GL_EXT_texture_compression_latc GL_EXT_texture_integer GL_EXT_texture_sRGB_decode GL_EXT_timer_query GL_OES_EGL_image GL_ARB_copy_buffer GL_ARB_depth_buffer_float GL_ARB_draw_instanced GL_ARB_half_float_vertex GL_ARB_instanced_arrays GL_ARB_map_buffer_range GL_ARB_texture_rg GL_ARB_texture_swizzle GL_ARB_vertex_array_bgra GL_EXT_texture_swizzle GL_EXT_vertex_array_bgra GL_NV_conditional_render GL_AMD_conservative_depth GL_AMD_draw_buffers_blend GL_AMD_seamless_cubemap_per_texture GL_AMD_shader_stencil_export GL_ARB_ES2_compatibility GL_ARB_blend_func_extended GL_ARB_debug_output GL_ARB_draw_buffers_blend GL_ARB_draw_elements_base_vertex GL_ARB_explicit_attrib_location GL_ARB_fragment_coord_conventions GL_ARB_provoking_vertex GL_ARB_sampler_objects GL_ARB_seamless_cube_map GL_ARB_shader_stencil_export GL_ARB_shader_texture_lod GL_ARB_texture_cube_map_array GL_ARB_texture_gather GL_ARB_texture_multisample GL_ARB_texture_rgb10_a2ui GL_ARB_uniform_buffer_object GL_ARB_vertex_type_2_10_10_10_rev GL_EXT_provoking_vertex GL_EXT_texture_snorm GL_MESA_texture_signed_rgba GL_ARB_get_program_binary GL_ARB_robustness GL_ARB_separate_shader_objects GL_ARB_shader_bit_encoding GL_ARB_timer_query GL_ARB_transform_feedback2 GL_ARB_transform_feedback3 GL_ANGLE_texture_compression_dxt3 GL_ANGLE_texture_compression_dxt5 GL_ARB_base_instance GL_ARB_compressed_texture_pixel_storage GL_ARB_conservative_depth GL_ARB_internalformat_query GL_ARB_map_buffer_alignment GL_ARB_shading_language_420pack GL_ARB_shading_language_packing GL_ARB_texture_storage GL_ARB_transform_feedback_instanced GL_EXT_framebuffer_multisample_blit_scaled GL_EXT_transform_feedback GL_AMD_shader_trinary_minmax GL_ARB_ES3_compatibility GL_ARB_arrays_of_arrays GL_ARB_clear_buffer_object GL_ARB_copy_image GL_ARB_explicit_uniform_location GL_ARB_invalidate_subdata GL_ARB_program_interface_query GL_ARB_stencil_texturing GL_ARB_texture_query_levels GL_ARB_texture_storage_multisample GL_ARB_texture_view GL_ARB_vertex_attrib_binding GL_KHR_debug GL_ARB_buffer_storage GL_ARB_internalformat_query2 GL_ARB_multi_bind GL_ARB_seamless_cubemap_per_texture GL_ARB_texture_mirror_clamp_to_edge GL_ARB_texture_stencil8 GL_ARB_vertex_type_10f_11f_11f_rev GL_EXT_shader_integer_mix GL_ARB_clip_control GL_ARB_conditional_render_inverted GL_ARB_cull_distance GL_ARB_get_texture_sub_image GL_EXT_polygon_offset_clamp GL_KHR_context_flush_control GL_MESA_shader_integer_functions
21:40:55.077 T:139868391216896  NOTICE: Running database version Addons27
21:40:55.442 T:139869103664000  NOTICE: start dvd mediatype detection
21:40:55.485 T:139868361770752 WARNING: Filesystem is not supported
21:40:55.492 T:139869103664000 WARNING: CSkinInfo: failed to load skin settings
21:40:56.052 T:139869103664000 WARNING: JSONRPC: Could not parse type "Setting.Details.SettingList"
21:40:56.102 T:139869103664000  NOTICE: initialize done
21:40:56.102 T:139869103664000  NOTICE: Running the application...
21:40:56.104 T:139869103664000  NOTICE: starting zeroconf publishing
21:40:56.105 T:139869103664000  NOTICE: starting upnp client
21:40:56.177 T:139867077994240  NOTICE: ES: Starting UDP Event server on port 9777
21:40:56.177 T:139867077994240  NOTICE: UDP: Listening on port 9777 (ipv6 : false)
21:41:03.998 T:139867345897216   ERROR: GetDirectory - Error getting
21:41:33.439 T:139869103664000   ERROR: Previous line repeats 6 times.
21:41:33.439 T:139869103664000  NOTICE: Storing total System Uptime
21:41:33.439 T:139869103664000  NOTICE: Saving settings
21:41:33.441 T:139869103664000  NOTICE: Saving skin settings
21:41:33.441 T:139869103664000  NOTICE: stop all
21:41:33.442 T:139869103664000  NOTICE: stop player
21:41:33.442 T:139869103664000  NOTICE: ES: Stopping event server
21:41:33.442 T:139869103664000  NOTICE: stopping upnp
21:41:33.628 T:139869103664000  NOTICE: stopping zeroconf publishing
21:41:34.230 T:139867077994240  NOTICE: ES: UDP Event server stopped
21:41:34.230 T:139869103664000  NOTICE: stop dvd detect media
21:41:34.602 T:139869103664000  NOTICE: clean cached files!
21:41:34.799 T:139869103664000  NOTICE: closing down remote control service
21:41:34.800 T:139869103664000  NOTICE: stopped
21:41:35.002 T:139869103664000  NOTICE: destroy
21:41:35.002 T:139869103664000  NOTICE: unload skin
21:41:35.056 T:139869103664000  NOTICE: unload sections
21:41:35.061 T:139869103664000  NOTICE: special://profile/ is mapped to: special://masterprofile/
21:41:35.064 T:139869103664000  NOTICE: application stopped...
