16:23:03.264 T:140476311346048  NOTICE: special://profile/ is mapped to: special://masterprofile/
16:23:03.264 T:140476311346048  NOTICE: -----------------------------------------------------------------------
16:23:03.264 T:140476311346048  NOTICE: Starting Kodi from Debian (17.1 Debian package version: 2:17.1+dfsg1-3). Platform: Linux x86 64-bit
16:23:03.264 T:140476311346048  NOTICE: Using Release Kodi from Debian x64 build
16:23:03.264 T:140476311346048  NOTICE: Kodi from Debian compiled from 2:17.1+dfsg1-3 by GCC 6.3.0 for Linux x86 64-bit version 4.9.25 (264473)
16:23:03.264 T:140476311346048  NOTICE: Running on Debian GNU/Linux 9 (stretch), kernel: Linux x86 64-bit version 4.9.0-3-amd64
16:23:03.271 T:140476311346048  NOTICE: FFmpeg version/source: 3.2.5-1
16:23:03.271 T:140476311346048  NOTICE: Host CPU: Intel(R) Core(TM) i5-3340M CPU @ 2.70GHz, 2 cores available
16:23:03.271 T:140476311346048  NOTICE: special://xbmc/ is mapped to: /usr/share/kodi
16:23:03.271 T:140476311346048  NOTICE: special://xbmcbin/ is mapped to: /usr/lib/x86_64-linux-gnu/kodi
16:23:03.271 T:140476311346048  NOTICE: special://xbmcbinaddons/ is mapped to: /usr/lib/x86_64-linux-gnu/kodi/addons
16:23:03.271 T:140476311346048  NOTICE: special://masterprofile/ is mapped to: /root/.kodi/userdata
16:23:03.271 T:140476311346048  NOTICE: special://envhome/ is mapped to: /root
16:23:03.271 T:140476311346048  NOTICE: special://home/ is mapped to: /root/.kodi
16:23:03.271 T:140476311346048  NOTICE: special://temp/ is mapped to: /root/.kodi/temp
16:23:03.271 T:140476311346048  NOTICE: special://logpath/ is mapped to: /root/.kodi/temp
16:23:03.271 T:140476311346048  NOTICE: The executable running is: /usr/lib/x86_64-linux-gnu/kodi/kodi.bin
16:23:03.271 T:140476311346048  NOTICE: Local hostname: DaylightLinuxV2
16:23:03.271 T:140476311346048  NOTICE: Log File is located: /root/.kodi/temp//kodi.log
16:23:03.272 T:140476311346048  NOTICE: -----------------------------------------------------------------------
16:23:04.318 T:140476311346048  NOTICE: load settings...
16:23:04.597 T:140476311346048   ERROR: PulseAudio: Failed to connect context
16:23:04.597 T:140476311346048  NOTICE: PulseAudio might not be running. Context was not created.
16:23:05.037 T:140476311346048  NOTICE: Found 1 Lists of Devices
16:23:05.037 T:140476311346048  NOTICE: Enumerated ALSA devices:
16:23:05.037 T:140476311346048  NOTICE:     Device 1
16:23:05.037 T:140476311346048  NOTICE:         m_deviceName      : @
16:23:05.037 T:140476311346048  NOTICE:         m_displayName     : Default (Ensoniq AudioPCI ES1371 DAC2/ADC)
16:23:05.037 T:140476311346048  NOTICE:         m_displayNameExtra:
16:23:05.037 T:140476311346048  NOTICE:         m_deviceType      : AE_DEVTYPE_PCM
16:23:05.037 T:140476311346048  NOTICE:         m_channels        : UNKNOWN1,FL,FR
16:23:05.037 T:140476311346048  NOTICE:         m_sampleRates     : 48000
16:23:05.037 T:140476311346048  NOTICE:         m_dataFormats     : AE_FMT_S16NE,AE_FMT_S16LE
16:23:05.037 T:140476311346048  NOTICE:         m_streamTypes     : No passthrough capabilities
16:23:05.037 T:140476311346048  NOTICE:     Device 2
16:23:05.037 T:140476311346048  NOTICE:         m_deviceName      : @:CARD=AudioPCI,DEV=0
16:23:05.037 T:140476311346048  NOTICE:         m_displayName     : Ensoniq AudioPCI
16:23:05.037 T:140476311346048  NOTICE:         m_displayNameExtra: ES1371 DAC2/ADC
16:23:05.037 T:140476311346048  NOTICE:         m_deviceType      : AE_DEVTYPE_PCM
16:23:05.037 T:140476311346048  NOTICE:         m_channels        : UNKNOWN1,FL,FR
16:23:05.037 T:140476311346048  NOTICE:         m_sampleRates     : 48000
16:23:05.037 T:140476311346048  NOTICE:         m_dataFormats     : AE_FMT_S16NE,AE_FMT_S16LE
16:23:05.037 T:140476311346048  NOTICE:         m_streamTypes     : No passthrough capabilities
16:23:05.072 T:140476311346048  NOTICE: No settings file to load (special://xbmc/system/advancedsettings.xml)
16:23:05.072 T:140476311346048  NOTICE: No settings file to load (special://masterprofile/advancedsettings.xml)
16:23:05.072 T:140476311346048  NOTICE: Default Video Player: VideoPlayer
16:23:05.072 T:140476311346048  NOTICE: Default Audio Player: paplayer
16:23:05.072 T:140476311346048  NOTICE: Disabled debug logging due to GUI setting. Level 0.
16:23:05.072 T:140476311346048  NOTICE: Log level changed to "LOG_LEVEL_NORMAL"
16:23:05.073 T:140476311346048  NOTICE: Loading player core factory settings from special://xbmc/system/playercorefactory.xml.
16:23:05.124 T:140476311346048  NOTICE: Loaded playercorefactory configuration
16:23:05.124 T:140476311346048  NOTICE: Loading player core factory settings from special://masterprofile/playercorefactory.xml.
16:23:05.124 T:140476311346048  NOTICE: special://masterprofile/playercorefactory.xml does not exist. Skipping.
16:23:05.475 T:140476311346048  NOTICE: Running database version Addons27
16:23:07.230 T:140476311346048  NOTICE: ADDONS: Using repository repository.xbmc.org
16:23:07.518 T:140476311346048  NOTICE: Checking resolution 16
16:23:08.804 T:140476311346048   ERROR: Failed to determine egl config for visual info
16:23:08.804 T:140476311346048 WARNING: Visual 0x1ab of the window is not suitable, looking for another one...
16:23:08.804 T:140476311346048  NOTICE: Using visual 0x21
16:23:08.851 T:140476311346048  NOTICE: Using visual 0x1ab
16:23:08.862 T:140476311346048  NOTICE: GL_VENDOR = VMware, Inc.
16:23:08.862 T:140476311346048  NOTICE: GL_RENDERER = Gallium 0.4 on llvmpipe (LLVM 3.9, 256 bits)
16:23:08.862 T:140476311346048  NOTICE: GL_VERSION = 3.0 Mesa 13.0.6
16:23:08.862 T:140476311346048  NOTICE: GL_SHADING_LANGUAGE_VERSION = 1.30
16:23:08.862 T:140476311346048  NOTICE: GL_EXTENSIONS = GL_ARB_multisample GL_EXT_abgr GL_EXT_bgra GL_EXT_blend_color GL_EXT_blend_minmax GL_EXT_blend_subtract GL_EXT_copy_texture GL_EXT_polygon_offset GL_EXT_subtexture GL_EXT_texture_object GL_EXT_vertex_array GL_EXT_compiled_vertex_array GL_EXT_texture GL_EXT_texture3D GL_IBM_rasterpos_clip GL_ARB_point_parameters GL_EXT_draw_range_elements GL_EXT_packed_pixels GL_EXT_point_parameters GL_EXT_rescale_normal GL_EXT_separate_specular_color GL_EXT_texture_edge_clamp GL_SGIS_generate_mipmap GL_SGIS_texture_border_clamp GL_SGIS_texture_edge_clamp GL_SGIS_texture_lod GL_ARB_framebuffer_sRGB GL_ARB_multitexture GL_EXT_framebuffer_sRGB GL_IBM_multimode_draw_arrays GL_IBM_texture_mirrored_repeat GL_ARB_texture_cube_map GL_ARB_texture_env_add GL_ARB_transpose_matrix GL_EXT_blend_func_separate GL_EXT_fog_coord GL_EXT_multi_draw_arrays GL_EXT_secondary_color GL_EXT_texture_env_add GL_EXT_texture_lod_bias GL_INGR_blend_func_separate GL_NV_blend_square GL_NV_light_max_exponent GL_NV_texgen_reflection GL_NV_texture_env_combine4 GL_S3_s3tc GL_SUN_multi_draw_arrays GL_ARB_texture_border_clamp GL_ARB_texture_compression GL_EXT_framebuffer_object GL_EXT_texture_compression_s3tc GL_EXT_texture_env_combine GL_EXT_texture_env_dot3 GL_MESA_window_pos GL_NV_packed_depth_stencil GL_NV_texture_rectangle GL_ARB_depth_texture GL_ARB_occlusion_query GL_ARB_shadow GL_ARB_texture_env_combine GL_ARB_texture_env_crossbar GL_ARB_texture_env_dot3 GL_ARB_texture_mirrored_repeat GL_ARB_window_pos GL_ATI_fragment_shader GL_EXT_stencil_two_side GL_EXT_texture_cube_map GL_NV_depth_clamp GL_NV_fog_distance GL_APPLE_packed_pixels GL_APPLE_vertex_array_object GL_ARB_draw_buffers GL_ARB_fragment_program GL_ARB_fragment_shader GL_ARB_shader_objects GL_ARB_vertex_program GL_ARB_vertex_shader GL_ATI_draw_buffers GL_ATI_texture_env_combine3 GL_ATI_texture_float GL_EXT_shadow_funcs GL_EXT_stencil_wrap GL_MESA_pack_invert GL_MESA_ycbcr_texture GL_NV_primitive_restart GL_ARB_depth_clamp GL_ARB_fragment_program_shadow GL_ARB_half_float_pixel GL_ARB_occlusion_query2 GL_ARB_point_sprite GL_ARB_shading_language_100 GL_ARB_sync GL_ARB_texture_non_power_of_two GL_ARB_vertex_buffer_object GL_ATI_blend_equation_separate GL_EXT_blend_equation_separate GL_OES_read_format GL_ARB_color_buffer_float GL_ARB_pixel_buffer_object GL_ARB_texture_compression_rgtc GL_ARB_texture_float GL_ARB_texture_rectangle GL_ATI_texture_compression_3dc GL_EXT_packed_float GL_EXT_pixel_buffer_object GL_EXT_texture_compression_dxt1 GL_EXT_texture_compression_rgtc GL_EXT_texture_mirror_clamp GL_EXT_texture_rectangle GL_EXT_texture_sRGB GL_EXT_texture_shared_exponent GL_ARB_framebuffer_object GL_EXT_framebuffer_blit GL_EXT_framebuffer_multisample GL_EXT_packed_depth_stencil GL_ARB_vertex_array_object GL_ATI_separate_stencil GL_ATI_texture_mirror_once GL_EXT_draw_buffers2 GL_EXT_draw_instanced GL_EXT_gpu_program_parameters GL_EXT_texture_array GL_EXT_texture_compression_latc GL_EXT_texture_integer GL_EXT_texture_sRGB_decode GL_EXT_timer_query GL_OES_EGL_image GL_ARB_copy_buffer GL_ARB_depth_buffer_float GL_ARB_draw_instanced GL_ARB_half_float_vertex GL_ARB_instanced_arrays GL_ARB_map_buffer_range GL_ARB_texture_rg GL_ARB_texture_swizzle GL_ARB_vertex_array_bgra GL_EXT_texture_swizzle GL_EXT_vertex_array_bgra GL_NV_conditional_render GL_AMD_conservative_depth GL_AMD_draw_buffers_blend GL_AMD_seamless_cubemap_per_texture GL_AMD_shader_stencil_export GL_ARB_ES2_compatibility GL_ARB_blend_func_extended GL_ARB_debug_output GL_ARB_draw_buffers_blend GL_ARB_draw_elements_base_vertex GL_ARB_explicit_attrib_location GL_ARB_fragment_coord_conventions GL_ARB_provoking_vertex GL_ARB_sampler_objects GL_ARB_seamless_cube_map GL_ARB_shader_stencil_export GL_ARB_shader_texture_lod GL_ARB_texture_cube_map_array GL_ARB_texture_gather GL_ARB_texture_multisample GL_ARB_texture_rgb10_a2ui GL_ARB_uniform_buffer_object GL_ARB_vertex_type_2_10_10_10_rev GL_EXT_provoking_vertex GL_EXT_texture_snorm GL_MESA_texture_signed_rgba GL_ARB_get_program_binary GL_ARB_robustness GL_ARB_separate_shader_objects GL_ARB_shader_bit_encoding GL_ARB_timer_query GL_ARB_transform_feedback2 GL_ARB_transform_feedback3 GL_ANGLE_texture_compression_dxt3 GL_ANGLE_texture_compression_dxt5 GL_ARB_base_instance GL_ARB_compressed_texture_pixel_storage GL_ARB_conservative_depth GL_ARB_internalformat_query GL_ARB_map_buffer_alignment GL_ARB_shading_language_420pack GL_ARB_shading_language_packing GL_ARB_texture_storage GL_ARB_transform_feedback_instanced GL_EXT_framebuffer_multisample_blit_scaled GL_EXT_transform_feedback GL_AMD_shader_trinary_minmax GL_ARB_ES3_compatibility GL_ARB_arrays_of_arrays GL_ARB_clear_buffer_object GL_ARB_copy_image GL_ARB_explicit_uniform_location GL_ARB_invalidate_subdata GL_ARB_program_interface_query GL_ARB_stencil_texturing GL_ARB_texture_query_levels GL_ARB_texture_storage_multisample GL_ARB_texture_view GL_ARB_vertex_attrib_binding GL_KHR_debug GL_ARB_buffer_storage GL_ARB_internalformat_query2 GL_ARB_multi_bind GL_ARB_seamless_cubemap_per_texture GL_ARB_texture_mirror_clamp_to_edge GL_ARB_texture_stencil8 GL_ARB_vertex_type_10f_11f_11f_rev GL_EXT_shader_integer_mix GL_ARB_clip_control GL_ARB_conditional_render_inverted GL_ARB_cull_distance GL_ARB_get_texture_sub_image GL_EXT_polygon_offset_clamp GL_KHR_context_flush_control GL_MESA_shader_integer_functions
16:23:14.337 T:140475598898944  NOTICE: Running database version Addons27
16:23:14.364 T:140475598898944  NOTICE: Running database version ViewModes6
16:23:14.384 T:140475598898944  NOTICE: Running database version Textures13
16:23:14.455 T:140475598898944  NOTICE: Running database version MyMusic60
16:23:14.554 T:140475598898944  NOTICE: Running database version MyVideos107
16:23:14.562 T:140475598898944  NOTICE: Running database version TV29
16:23:14.629 T:140475598898944  NOTICE: Running database version Epg11
16:23:14.659 T:140476311346048  NOTICE: start dvd mediatype detection
16:23:14.690 T:140476310972160 WARNING: Filesystem is not supported
16:23:16.394 T:140476311346048 WARNING: JSONRPC: Could not parse type "Setting.Details.SettingList"
16:23:16.964 T:140476311346048  NOTICE: initialize done
16:23:16.964 T:140476311346048  NOTICE: Running the application...
16:23:16.971 T:140476311346048  NOTICE: starting zeroconf publishing
16:23:16.971 T:140476311346048  NOTICE: starting upnp client
16:23:17.432 T:140474287388416  NOTICE: ES: Starting UDP Event server on port 9777
16:23:17.432 T:140474287388416  NOTICE: UDP: Listening on port 9777 (ipv6 : false)
16:23:23.012 T:140476311346048  NOTICE: Storing total System Uptime
16:23:23.012 T:140476311346048  NOTICE: Saving settings
16:23:23.014 T:140476311346048  NOTICE: Saving skin settings
16:23:23.014 T:140476311346048  NOTICE: stop all
16:23:23.015 T:140476311346048  NOTICE: stop player
16:23:23.015 T:140476311346048  NOTICE: ES: Stopping event server
16:23:23.015 T:140476311346048  NOTICE: stopping upnp
16:23:23.174 T:140476311346048  NOTICE: stopping zeroconf publishing
16:23:23.442 T:140474287388416  NOTICE: ES: UDP Event server stopped
16:23:23.442 T:140476311346048  NOTICE: stop dvd detect media
16:23:23.820 T:140476311346048  NOTICE: clean cached files!
16:23:24.022 T:140476311346048  NOTICE: closing down remote control service
16:23:24.023 T:140476311346048  NOTICE: stopped
16:23:24.224 T:140476311346048  NOTICE: destroy
16:23:24.224 T:140476311346048  NOTICE: unload skin
16:23:24.239 T:140476311346048  NOTICE: unload sections
16:23:24.242 T:140476311346048  NOTICE: special://profile/ is mapped to: special://masterprofile/
16:23:24.244 T:140476311346048  NOTICE: application stopped...
